<?xml version="1.0" encoding="UTF-8"?>
<!-- Generated by org.testng.reporters.JUnitReportReporter -->
<testsuite hostname="SAG-FX9ZWL3" failures="0" tests="1" name="apiBasic.EcommerceEndtoEnd" time="3.829" errors="0" timestamp="2024-08-12T20:20:28 IST" skipped="0">
  <testcase classname="apiBasic.EcommerceEndtoEnd" name="creaetToken" time="3.829"/>
</testsuite> <!-- apiBasic.EcommerceEndtoEnd -->
