<?xml version="1.0" encoding="UTF-8"?>
<!-- Generated by org.testng.reporters.JUnitReportReporter -->
<testsuite hostname="SAG-FX9ZWL3" failures="0" tests="3" name="apiBasic.DynamicJson" time="2.673" errors="0" timestamp="2024-08-10T12:32:45 IST" skipped="0">
  <testcase classname="apiBasic.DynamicJson" name="addBook" time="0.400"/>
  <testcase classname="apiBasic.DynamicJson" name="addBook" time="1.870"/>
  <testcase classname="apiBasic.DynamicJson" name="addBook" time="0.403"/>
</testsuite> <!-- apiBasic.DynamicJson -->
