<?xml version="1.0" encoding="UTF-8"?>
<!-- Generated by org.testng.reporters.JUnitReportReporter -->
<testsuite hostname="SAG-FX9ZWL3" failures="0" tests="1" name="apiBasic.OAuthTest" time="6.229" errors="0" timestamp="2024-08-11T18:13:06 IST" skipped="0">
  <testcase classname="apiBasic.OAuthTest" name="oAuthCall" time="6.229"/>
</testsuite> <!-- apiBasic.OAuthTest -->
